{"/Users/ubicasmerti666/Desktop/вебик/zhestochaishiyBlog/frontend/src/components/Posts/PostCard.tsx": {"path":"/Users/ubicasmerti666/Desktop/вебик/zhestochaishiyBlog/frontend/src/components/Posts/PostCard.tsx","statementMap":{"0":{"start":{"line":8,"column":24},"end":{"line":79,"column":null}},"1":{"start":{"line":9,"column":8},"end":{"line":9,"column":null}},"2":{"start":{"line":11,"column":21},"end":{"line":19,"column":null}},"3":{"start":{"line":12,"column":4},"end":{"line":18,"column":null}},"4":{"start":{"line":21,"column":21},"end":{"line":24,"column":null}},"5":{"start":{"line":22,"column":4},"end":{"line":22,"column":null}},"6":{"start":{"line":22,"column":37},"end":{"line":22,"column":null}},"7":{"start":{"line":23,"column":4},"end":{"line":23,"column":null}},"8":{"start":{"line":26,"column":25},"end":{"line":30,"column":null}},"9":{"start":{"line":27,"column":4},"end":{"line":27,"column":null}},"10":{"start":{"line":28,"column":4},"end":{"line":28,"column":null}},"11":{"start":{"line":29,"column":4},"end":{"line":29,"column":null}},"12":{"start":{"line":32,"column":2},"end":{"line":77,"column":null}},"13":{"start":{"line":34,"column":21},"end":{"line":34,"column":null}}},"fnMap":{"0":{"name":"(anonymous_0)","decl":{"start":{"line":8,"column":24},"end":{"line":8,"column":25}},"loc":{"start":{"line":8,"column":53},"end":{"line":79,"column":null}},"line":8},"1":{"name":"(anonymous_1)","decl":{"start":{"line":11,"column":21},"end":{"line":11,"column":22}},"loc":{"start":{"line":11,"column":45},"end":{"line":19,"column":null}},"line":11},"2":{"name":"(anonymous_2)","decl":{"start":{"line":21,"column":21},"end":{"line":21,"column":22}},"loc":{"start":{"line":21,"column":67},"end":{"line":24,"column":null}},"line":21},"3":{"name":"(anonymous_3)","decl":{"start":{"line":26,"column":25},"end":{"line":26,"column":26}},"loc":{"start":{"line":26,"column":50},"end":{"line":30,"column":null}},"line":26},"4":{"name":"(anonymous_4)","decl":{"start":{"line":34,"column":15},"end":{"line":34,"column":21}},"loc":{"start":{"line":34,"column":21},"end":{"line":34,"column":null}},"line":34}},"branchMap":{"0":{"loc":{"start":{"line":21,"column":39},"end":{"line":21,"column":67}},"type":"default-arg","locations":[{"start":{"line":21,"column":59},"end":{"line":21,"column":67}}],"line":21},"1":{"loc":{"start":{"line":22,"column":4},"end":{"line":22,"column":null}},"type":"if","locations":[{"start":{"line":22,"column":4},"end":{"line":22,"column":null}},{"start":{},"end":{}}],"line":22},"2":{"loc":{"start":{"line":59,"column":11},"end":{"line":62,"column":null}},"type":"binary-expr","locations":[{"start":{"line":59,"column":11},"end":{"line":59,"column":null}},{"start":{"line":60,"column":12},"end":{"line":62,"column":null}}],"line":59},"3":{"loc":{"start":{"line":64,"column":11},"end":{"line":67,"column":null}},"type":"binary-expr","locations":[{"start":{"line":64,"column":11},"end":{"line":64,"column":null}},{"start":{"line":65,"column":12},"end":{"line":67,"column":null}}],"line":64}},"s":{"0":1,"1":3,"2":3,"3":3,"4":3,"5":3,"6":3,"7":0,"8":3,"9":0,"10":0,"11":0,"12":3,"13":0},"f":{"0":3,"1":3,"2":3,"3":0,"4":0},"b":{"0":[3],"1":[3,0],"2":[3,3],"3":[3,3]},"meta":{"lastBranch":4,"lastFunction":5,"lastStatement":14,"seen":{"s:8:24:79:Infinity":0,"f:8:24:8:25":0,"s:9:8:9:Infinity":1,"s:11:21:19:Infinity":2,"f:11:21:11:22":1,"s:12:4:18:Infinity":3,"s:21:21:24:Infinity":4,"f:21:21:21:22":2,"b:21:59:21:67":0,"b:22:4:22:Infinity:undefined:undefined:undefined:undefined":1,"s:22:4:22:Infinity":5,"s:22:37:22:Infinity":6,"s:23:4:23:Infinity":7,"s:26:25:30:Infinity":8,"f:26:25:26:26":3,"s:27:4:27:Infinity":9,"s:28:4:28:Infinity":10,"s:29:4:29:Infinity":11,"s:32:2:77:Infinity":12,"f:34:15:34:21":4,"s:34:21:34:Infinity":13,"b:59:11:59:Infinity:60:12:62:Infinity":2,"b:64:11:64:Infinity:65:12:67:Infinity":3}}}
,"/Users/ubicasmerti666/Desktop/вебик/zhestochaishiyBlog/frontend/src/context/AuthContext.tsx": {"path":"/Users/ubicasmerti666/Desktop/вебик/zhestochaishiyBlog/frontend/src/context/AuthContext.tsx","statementMap":{"0":{"start":{"line":14,"column":6},"end":{"line":14,"column":null}},"1":{"start":{"line":16,"column":28},"end":{"line":61,"column":null}},"2":{"start":{"line":17,"column":22},"end":{"line":17,"column":null}},"3":{"start":{"line":18,"column":24},"end":{"line":18,"column":null}},"4":{"start":{"line":19,"column":32},"end":{"line":19,"column":null}},"5":{"start":{"line":22,"column":2},"end":{"line":31,"column":null}},"6":{"start":{"line":23,"column":23},"end":{"line":23,"column":null}},"7":{"start":{"line":24,"column":22},"end":{"line":24,"column":null}},"8":{"start":{"line":26,"column":4},"end":{"line":29,"column":null}},"9":{"start":{"line":27,"column":6},"end":{"line":27,"column":null}},"10":{"start":{"line":28,"column":6},"end":{"line":28,"column":null}},"11":{"start":{"line":30,"column":4},"end":{"line":30,"column":null}},"12":{"start":{"line":33,"column":16},"end":{"line":38,"column":null}},"13":{"start":{"line":34,"column":4},"end":{"line":34,"column":null}},"14":{"start":{"line":35,"column":4},"end":{"line":35,"column":null}},"15":{"start":{"line":36,"column":4},"end":{"line":36,"column":null}},"16":{"start":{"line":37,"column":4},"end":{"line":37,"column":null}},"17":{"start":{"line":40,"column":17},"end":{"line":45,"column":null}},"18":{"start":{"line":41,"column":4},"end":{"line":41,"column":null}},"19":{"start":{"line":42,"column":4},"end":{"line":42,"column":null}},"20":{"start":{"line":43,"column":4},"end":{"line":43,"column":null}},"21":{"start":{"line":44,"column":4},"end":{"line":44,"column":null}},"22":{"start":{"line":47,"column":2},"end":{"line":59,"column":null}},"23":{"start":{"line":64,"column":23},"end":{"line":70,"column":null}},"24":{"start":{"line":65,"column":8},"end":{"line":65,"column":null}},"25":{"start":{"line":66,"column":2},"end":{"line":68,"column":null}},"26":{"start":{"line":67,"column":4},"end":{"line":67,"column":null}},"27":{"start":{"line":69,"column":2},"end":{"line":69,"column":null}}},"fnMap":{"0":{"name":"(anonymous_0)","decl":{"start":{"line":16,"column":28},"end":{"line":16,"column":29}},"loc":{"start":{"line":16,"column":71},"end":{"line":61,"column":null}},"line":16},"1":{"name":"(anonymous_1)","decl":{"start":{"line":22,"column":12},"end":{"line":22,"column":18}},"loc":{"start":{"line":22,"column":18},"end":{"line":31,"column":5}},"line":22},"2":{"name":"(anonymous_2)","decl":{"start":{"line":33,"column":16},"end":{"line":33,"column":17}},"loc":{"start":{"line":33,"column":55},"end":{"line":38,"column":null}},"line":33},"3":{"name":"(anonymous_3)","decl":{"start":{"line":40,"column":17},"end":{"line":40,"column":23}},"loc":{"start":{"line":40,"column":23},"end":{"line":45,"column":null}},"line":40},"4":{"name":"(anonymous_4)","decl":{"start":{"line":64,"column":23},"end":{"line":64,"column":29}},"loc":{"start":{"line":64,"column":29},"end":{"line":70,"column":null}},"line":64}},"branchMap":{"0":{"loc":{"start":{"line":26,"column":4},"end":{"line":29,"column":null}},"type":"if","locations":[{"start":{"line":26,"column":4},"end":{"line":29,"column":null}},{"start":{},"end":{}}],"line":26},"1":{"loc":{"start":{"line":26,"column":8},"end":{"line":26,"column":33}},"type":"binary-expr","locations":[{"start":{"line":26,"column":8},"end":{"line":26,"column":22}},{"start":{"line":26,"column":22},"end":{"line":26,"column":33}}],"line":26},"2":{"loc":{"start":{"line":66,"column":2},"end":{"line":68,"column":null}},"type":"if","locations":[{"start":{"line":66,"column":2},"end":{"line":68,"column":null}},{"start":{},"end":{}}],"line":66}},"s":{"0":1,"1":1,"2":6,"3":6,"4":6,"5":6,"6":3,"7":3,"8":3,"9":0,"10":0,"11":3,"12":6,"13":0,"14":0,"15":0,"16":0,"17":6,"18":0,"19":0,"20":0,"21":0,"22":6,"23":1,"24":0,"25":0,"26":0,"27":0},"f":{"0":6,"1":3,"2":0,"3":0,"4":0},"b":{"0":[0,3],"1":[3,0],"2":[0,0]},"meta":{"lastBranch":3,"lastFunction":5,"lastStatement":28,"seen":{"s:14:6:14:Infinity":0,"s:16:28:61:Infinity":1,"f:16:28:16:29":0,"s:17:22:17:Infinity":2,"s:18:24:18:Infinity":3,"s:19:32:19:Infinity":4,"s:22:2:31:Infinity":5,"f:22:12:22:18":1,"s:23:23:23:Infinity":6,"s:24:22:24:Infinity":7,"b:26:4:29:Infinity:undefined:undefined:undefined:undefined":0,"s:26:4:29:Infinity":8,"b:26:8:26:22:26:22:26:33":1,"s:27:6:27:Infinity":9,"s:28:6:28:Infinity":10,"s:30:4:30:Infinity":11,"s:33:16:38:Infinity":12,"f:33:16:33:17":2,"s:34:4:34:Infinity":13,"s:35:4:35:Infinity":14,"s:36:4:36:Infinity":15,"s:37:4:37:Infinity":16,"s:40:17:45:Infinity":17,"f:40:17:40:23":3,"s:41:4:41:Infinity":18,"s:42:4:42:Infinity":19,"s:43:4:43:Infinity":20,"s:44:4:44:Infinity":21,"s:47:2:59:Infinity":22,"s:64:23:70:Infinity":23,"f:64:23:64:29":4,"s:65:8:65:Infinity":24,"b:66:2:68:Infinity:undefined:undefined:undefined:undefined":2,"s:66:2:68:Infinity":25,"s:67:4:67:Infinity":26,"s:69:2:69:Infinity":27}}}
,"/Users/ubicasmerti666/Desktop/вебик/zhestochaishiyBlog/frontend/src/utils/jwt.ts": {"path":"/Users/ubicasmerti666/Desktop/вебик/zhestochaishiyBlog/frontend/src/utils/jwt.ts","statementMap":{"0":{"start":{"line":12,"column":27},"end":{"line":19,"column":null}},"1":{"start":{"line":13,"column":2},"end":{"line":18,"column":null}},"2":{"start":{"line":14,"column":4},"end":{"line":14,"column":null}},"3":{"start":{"line":16,"column":4},"end":{"line":16,"column":null}},"4":{"start":{"line":17,"column":4},"end":{"line":17,"column":null}},"5":{"start":{"line":21,"column":34},"end":{"line":27,"column":null}},"6":{"start":{"line":22,"column":18},"end":{"line":22,"column":null}},"7":{"start":{"line":23,"column":2},"end":{"line":23,"column":null}},"8":{"start":{"line":23,"column":16},"end":{"line":23,"column":null}},"9":{"start":{"line":26,"column":2},"end":{"line":26,"column":null}},"10":{"start":{"line":29,"column":30},"end":{"line":34,"column":null}},"11":{"start":{"line":30,"column":18},"end":{"line":30,"column":null}},"12":{"start":{"line":31,"column":2},"end":{"line":31,"column":null}},"13":{"start":{"line":31,"column":32},"end":{"line":31,"column":null}},"14":{"start":{"line":33,"column":2},"end":{"line":33,"column":null}}},"fnMap":{"0":{"name":"(anonymous_0)","decl":{"start":{"line":12,"column":27},"end":{"line":12,"column":28}},"loc":{"start":{"line":12,"column":65},"end":{"line":19,"column":null}},"line":12},"1":{"name":"(anonymous_1)","decl":{"start":{"line":21,"column":34},"end":{"line":21,"column":35}},"loc":{"start":{"line":21,"column":68},"end":{"line":27,"column":null}},"line":21},"2":{"name":"(anonymous_2)","decl":{"start":{"line":29,"column":30},"end":{"line":29,"column":31}},"loc":{"start":{"line":29,"column":58},"end":{"line":34,"column":null}},"line":29}},"branchMap":{"0":{"loc":{"start":{"line":23,"column":2},"end":{"line":23,"column":null}},"type":"if","locations":[{"start":{"line":23,"column":2},"end":{"line":23,"column":null}},{"start":{},"end":{}}],"line":23},"1":{"loc":{"start":{"line":26,"column":9},"end":{"line":26,"column":null}},"type":"binary-expr","locations":[{"start":{"line":26,"column":9},"end":{"line":26,"column":28}},{"start":{"line":26,"column":28},"end":{"line":26,"column":43}},{"start":{"line":26,"column":43},"end":{"line":26,"column":null}}],"line":26},"2":{"loc":{"start":{"line":26,"column":43},"end":{"line":26,"column":null}},"type":"cond-expr","locations":[{"start":{"line":26,"column":57},"end":{"line":26,"column":81}},{"start":{"line":26,"column":81},"end":{"line":26,"column":null}}],"line":26},"3":{"loc":{"start":{"line":31,"column":2},"end":{"line":31,"column":null}},"type":"if","locations":[{"start":{"line":31,"column":2},"end":{"line":31,"column":null}},{"start":{},"end":{}}],"line":31},"4":{"loc":{"start":{"line":31,"column":6},"end":{"line":31,"column":32}},"type":"binary-expr","locations":[{"start":{"line":31,"column":6},"end":{"line":31,"column":18}},{"start":{"line":31,"column":18},"end":{"line":31,"column":32}}],"line":31}},"s":{"0":1,"1":4,"2":4,"3":2,"4":2,"5":1,"6":2,"7":2,"8":1,"9":1,"10":1,"11":2,"12":2,"13":1,"14":1},"f":{"0":4,"1":2,"2":2},"b":{"0":[1,1],"1":[1,0,0],"2":[0,0],"3":[1,1],"4":[2,1]},"meta":{"lastBranch":5,"lastFunction":3,"lastStatement":15,"seen":{"s:12:27:19:Infinity":0,"f:12:27:12:28":0,"s:13:2:18:Infinity":1,"s:14:4:14:Infinity":2,"s:16:4:16:Infinity":3,"s:17:4:17:Infinity":4,"s:21:34:27:Infinity":5,"f:21:34:21:35":1,"s:22:18:22:Infinity":6,"b:23:2:23:Infinity:undefined:undefined:undefined:undefined":0,"s:23:2:23:Infinity":7,"s:23:16:23:Infinity":8,"s:26:2:26:Infinity":9,"b:26:9:26:28:26:28:26:43:26:43:26:Infinity":1,"b:26:57:26:81:26:81:26:Infinity":2,"s:29:30:34:Infinity":10,"f:29:30:29:31":2,"s:30:18:30:Infinity":11,"b:31:2:31:Infinity:undefined:undefined:undefined:undefined":3,"s:31:2:31:Infinity":12,"b:31:6:31:18:31:18:31:32":4,"s:31:32:31:Infinity":13,"s:33:2:33:Infinity":14}}}
,"/Users/ubicasmerti666/Desktop/вебик/zhestochaishiyBlog/frontend/src/utils/validation.ts": {"path":"/Users/ubicasmerti666/Desktop/вебик/zhestochaishiyBlog/frontend/src/utils/validation.ts","statementMap":{"0":{"start":{"line":4,"column":30},"end":{"line":25,"column":null}},"1":{"start":{"line":22,"column":20},"end":{"line":22,"column":60}},"2":{"start":{"line":28,"column":27},"end":{"line":37,"column":null}},"3":{"start":{"line":39,"column":26},"end":{"line":49,"column":null}},"4":{"start":{"line":51,"column":29},"end":{"line":56,"column":null}}},"fnMap":{"0":{"name":"(anonymous_0)","decl":{"start":{"line":22,"column":10},"end":{"line":22,"column":11}},"loc":{"start":{"line":22,"column":20},"end":{"line":22,"column":60}},"line":22}},"branchMap":{},"s":{"0":1,"1":3,"2":1,"3":1,"4":1},"f":{"0":3},"b":{},"meta":{"lastBranch":0,"lastFunction":1,"lastStatement":5,"seen":{"s:4:30:25:Infinity":0,"f:22:10:22:11":0,"s:22:20:22:60":1,"s:28:27:37:Infinity":2,"s:39:26:49:Infinity":3,"s:51:29:56:Infinity":4}}}
}
